Using pre-set license
Built from '2020.3/staging' branch; Version is '2020.3.25f1 (9b9180224418) revision 10195328'; Using compiler version '192528614'; Build Type 'Release'
OS: 'Windows 10  (10.0.19042) 64bit Core' Language: 'en' Physical Memory: 8141 MB
BatchMode: 1, IsHumanControllingUs: 0, StartBugReporterOnCrash: 0, Is64bit: 1, IsPro: 0

COMMAND LINE ARGUMENTS:
D:\Unity\2020.3.25f1\Editor\Unity.exe
-adb2
-batchMode
-noUpm
-name
AssetImportWorker0
-projectPath
C:/Users/birdbrain6000/Documents/GitHub/Hunt-The-Wumpus-2022
-logFile
Logs/AssetImportWorker0.log
-srvPort
63148
Successfully changed project path to: C:/Users/birdbrain6000/Documents/GitHub/Hunt-The-Wumpus-2022
C:/Users/birdbrain6000/Documents/GitHub/Hunt-The-Wumpus-2022
Using Asset Import Pipeline V2.
Refreshing native plugins compatible for Editor in 67.74 ms, found 3 plugins.
Preloading 0 native plugins for Editor in 0.00 ms.
Initialize engine version: 2020.3.25f1 (9b9180224418)
[Subsystems] Discovering subsystems at path D:/Unity/2020.3.25f1/Editor/Data/Resources/UnitySubsystems
[Subsystems] Discovering subsystems at path C:/Users/birdbrain6000/Documents/GitHub/Hunt-The-Wumpus-2022/Assets
GfxDevice: creating device client; threaded=0
Direct3D:
    Version:  Direct3D 11.0 [level 11.1]
    Renderer: NVIDIA GeForce GTX 1060 3GB (ID=0x1c02)
    Vendor:   
    VRAM:     2988 MB
    Driver:   27.21.14.5671
Initialize mono
Mono path[0] = 'D:/Unity/2020.3.25f1/Editor/Data/Managed'
Mono path[1] = 'D:/Unity/2020.3.25f1/Editor/Data/MonoBleedingEdge/lib/mono/unityjit'
Mono config path = 'D:/Unity/2020.3.25f1/Editor/Data/MonoBleedingEdge/etc'
Using monoOptions --debugger-agent=transport=dt_socket,embedding=1,server=y,suspend=n,address=127.0.0.1:56420
Begin MonoManager ReloadAssembly
Registering precompiled unity dll's ...
Register platform support module: D:/Unity/2020.3.25f1/Editor/Data/PlaybackEngines/WindowsStandaloneSupport/UnityEditor.WindowsStandalone.Extensions.dll
Registered in 0.002077 seconds.
Native extension for WindowsStandalone target not found
Refreshing native plugins compatible for Editor in 61.44 ms, found 3 plugins.
Preloading 0 native plugins for Editor in 0.00 ms.
Mono: successfully reloaded assembly
- Completed reload, in  0.715 seconds
Domain Reload Profiling:
	ReloadAssembly (715ms)
		BeginReloadAssembly (81ms)
			ExecutionOrderSort (0ms)
			DisableScriptedObjects (0ms)
			BackupInstance (0ms)
			ReleaseScriptingObjects (0ms)
			CreateAndSetChildDomain (1ms)
		EndReloadAssembly (551ms)
			LoadAssemblies (80ms)
			RebuildTransferFunctionScriptingTraits (0ms)
			SetupTypeCache (186ms)
			ReleaseScriptCaches (0ms)
			RebuildScriptCaches (35ms)
			SetupLoadedEditorAssemblies (212ms)
				LogAssemblyErrors (0ms)
				InitializePlatformSupportModulesInManaged (5ms)
				SetLoadedEditorAssemblies (0ms)
				RefreshPlugins (62ms)
				BeforeProcessingInitializeOnLoad (15ms)
				ProcessInitializeOnLoadAttributes (98ms)
				ProcessInitializeOnLoadMethodAttributes (32ms)
				AfterProcessingInitializeOnLoad (0ms)
				EditorAssembliesLoaded (1ms)
			ExecutionOrderSort2 (0ms)
			AwakeInstancesAfterBackupRestoration (0ms)
Platform modules already initialized, skipping
Registering precompiled user dll's ...
Registered in 0.006506 seconds.
Begin MonoManager ReloadAssembly
Native extension for WindowsStandalone target not found
Refreshing native plugins compatible for Editor in 57.54 ms, found 3 plugins.
Preloading 0 native plugins for Editor in 0.00 ms.
Mono: successfully reloaded assembly
- Completed reload, in  1.312 seconds
Domain Reload Profiling:
	ReloadAssembly (1313ms)
		BeginReloadAssembly (179ms)
			ExecutionOrderSort (0ms)
			DisableScriptedObjects (5ms)
			BackupInstance (0ms)
			ReleaseScriptingObjects (0ms)
			CreateAndSetChildDomain (21ms)
		EndReloadAssembly (1066ms)
			LoadAssemblies (128ms)
			RebuildTransferFunctionScriptingTraits (0ms)
			SetupTypeCache (362ms)
			ReleaseScriptCaches (0ms)
			RebuildScriptCaches (53ms)
			SetupLoadedEditorAssemblies (394ms)
				LogAssemblyErrors (0ms)
				InitializePlatformSupportModulesInManaged (5ms)
				SetLoadedEditorAssemblies (0ms)
				RefreshPlugins (58ms)
				BeforeProcessingInitializeOnLoad (90ms)
				ProcessInitializeOnLoadAttributes (220ms)
				ProcessInitializeOnLoadMethodAttributes (18ms)
				AfterProcessingInitializeOnLoad (3ms)
				EditorAssembliesLoaded (0ms)
			ExecutionOrderSort2 (0ms)
			AwakeInstancesAfterBackupRestoration (7ms)
Platform modules already initialized, skipping
========================================================================
Worker process is ready to serve import requests
Launched and connected shader compiler UnityShaderCompiler.exe after 0.15 seconds
Refreshing native plugins compatible for Editor in 0.51 ms, found 3 plugins.
Preloading 0 native plugins for Editor in 0.00 ms.
Unloading 2342 Unused Serialized files (Serialized files now loaded: 0)
System memory in use before: 107.2 MB.
System memory in use after: 107.4 MB.

Unloading 28 unused Assets to reduce memory usage. Loaded Objects now: 2778.
Total: 3.780900 ms (FindLiveObjects: 0.206300 ms CreateObjectMapping: 0.122600 ms MarkObjects: 3.313600 ms  DeleteObjects: 0.137200 ms)

AssetImportParameters requested are different than current active one (requested -> active):
  custom:framework-win-MediaFoundation: 216162199b28c13a410421893ffa2e32 -> 
  custom:video-decoder-ogg-theora: a1e56fd34408186e4bbccfd4996cb3dc -> 
  custom:container-muxer-webm: aa71ff27fc2769a1b78a27578f13a17b -> 
  custom:container-demuxer-webm: 4f35f7cbe854078d1ac9338744f61a02 -> 
  custom:container-demuxer-ogg: 62fdf1f143b41e24485cea50d1cbac27 -> 
  custom:video-encoder-webm-vp8: eb34c28f22e8b96e1ab97ce403110664 -> 
  custom:video-codec-MediaFoundation-h265: 746d11721c4dcdbdad8f713fa42b33f4 -> 
  custom:video-decoder-webm-vp8: 9c59270c3fd7afecdb556c50c9e8de78 -> 
  custom:audio-decoder-ogg-vorbis: bf7c407c2cedff20999df2af8eb42d56 -> 
  custom:audio-encoder-webm-vorbis: bf7c407c2cedff20999df2af8eb42d56 -> 
========================================================================
Received Import Request.
  path: Assets/Mobs/WumpusPFB.prefab
  artifactKey: Guid(afbec7e727562cb4185c83f652eb7a47) Importer(815301076,1909f56bfc062723c751e8b465ee728b)
Start importing Assets/Mobs/WumpusPFB.prefab using Guid(afbec7e727562cb4185c83f652eb7a47) Importer(815301076,1909f56bfc062723c751e8b465ee728b)  -> (artifact id: 'de3fc346c9c9297102b99d2256e12ae1') in 0.316962 seconds 
  Import took 0.321408 seconds .

========================================================================
Received Import Request.
  Time since last request: 411.611322 seconds.
  path: Assets/Mobs/WumpusPFB.prefab
  artifactKey: Guid(afbec7e727562cb4185c83f652eb7a47) Importer(815301076,1909f56bfc062723c751e8b465ee728b)
Start importing Assets/Mobs/WumpusPFB.prefab using Guid(afbec7e727562cb4185c83f652eb7a47) Importer(815301076,1909f56bfc062723c751e8b465ee728b)  -> (artifact id: '7772c557270b7d3e9efd1bbc14984bad') in 0.048381 seconds 
  Import took 0.054198 seconds .

========================================================================
Received Import Request.
  Time since last request: 1.759029 seconds.
  path: Assets/Mobs/WumpusPFB.prefab
  artifactKey: Guid(afbec7e727562cb4185c83f652eb7a47) Importer(815301076,1909f56bfc062723c751e8b465ee728b)
Start importing Assets/Mobs/WumpusPFB.prefab using Guid(afbec7e727562cb4185c83f652eb7a47) Importer(815301076,1909f56bfc062723c751e8b465ee728b)  -> (artifact id: '1b5c078f6554cf983c61d65ca11257a8') in 0.042333 seconds 
  Import took 0.047757 seconds .

========================================================================
Received Import Request.
  Time since last request: 49.812978 seconds.
  path: Assets/Mobs/WumpusPFB.prefab
  artifactKey: Guid(afbec7e727562cb4185c83f652eb7a47) Importer(815301076,1909f56bfc062723c751e8b465ee728b)
Start importing Assets/Mobs/WumpusPFB.prefab using Guid(afbec7e727562cb4185c83f652eb7a47) Importer(815301076,1909f56bfc062723c751e8b465ee728b)  -> (artifact id: '8a22a41e1e30c50bda9e5a3f76aa5a75') in 0.030381 seconds 
  Import took 0.035550 seconds .

========================================================================
Received Import Request.
  Time since last request: 3.177415 seconds.
  path: Assets/Mobs/WumpusPFB.prefab
  artifactKey: Guid(afbec7e727562cb4185c83f652eb7a47) Importer(815301076,1909f56bfc062723c751e8b465ee728b)
Start importing Assets/Mobs/WumpusPFB.prefab using Guid(afbec7e727562cb4185c83f652eb7a47) Importer(815301076,1909f56bfc062723c751e8b465ee728b)  -> (artifact id: 'd9b1118b94f6ddbd435d5889e0e815b7') in 0.030610 seconds 
  Import took 0.036501 seconds .

========================================================================
Received Import Request.
  Time since last request: 682.562983 seconds.
  path: Assets/Mobs/WumpusPFB.prefab
  artifactKey: Guid(afbec7e727562cb4185c83f652eb7a47) Importer(815301076,1909f56bfc062723c751e8b465ee728b)
Start importing Assets/Mobs/WumpusPFB.prefab using Guid(afbec7e727562cb4185c83f652eb7a47) Importer(815301076,1909f56bfc062723c751e8b465ee728b)  -> (artifact id: 'a33e5e6fa10262ffb80b1fa629ccbe7a') in 0.027482 seconds 
  Import took 0.033614 seconds .

========================================================================
Received Import Request.
  Time since last request: 50.403888 seconds.
  path: Assets/Mobs/WumpusPFB.prefab
  artifactKey: Guid(afbec7e727562cb4185c83f652eb7a47) Importer(815301076,1909f56bfc062723c751e8b465ee728b)
Start importing Assets/Mobs/WumpusPFB.prefab using Guid(afbec7e727562cb4185c83f652eb7a47) Importer(815301076,1909f56bfc062723c751e8b465ee728b)  -> (artifact id: '769a972b7de266d3b04dffc01073661f') in 0.027344 seconds 
  Import took 0.032386 seconds .

========================================================================
Received Import Request.
  Time since last request: 2.790778 seconds.
  path: Assets/Mobs/WumpusPFB.prefab
  artifactKey: Guid(afbec7e727562cb4185c83f652eb7a47) Importer(815301076,1909f56bfc062723c751e8b465ee728b)
Start importing Assets/Mobs/WumpusPFB.prefab using Guid(afbec7e727562cb4185c83f652eb7a47) Importer(815301076,1909f56bfc062723c751e8b465ee728b)  -> (artifact id: '9f7969e6c3efdee45a9746f91bcb9172') in 0.028162 seconds 
  Import took 0.033296 seconds .

========================================================================
Received Import Request.
  Time since last request: 3.191079 seconds.
  path: Assets/Mobs/WumpusPFB.prefab
  artifactKey: Guid(afbec7e727562cb4185c83f652eb7a47) Importer(815301076,1909f56bfc062723c751e8b465ee728b)
Start importing Assets/Mobs/WumpusPFB.prefab using Guid(afbec7e727562cb4185c83f652eb7a47) Importer(815301076,1909f56bfc062723c751e8b465ee728b)  -> (artifact id: 'd894b9dda4426ef81e13ff307bddb814') in 0.029271 seconds 
  Import took 0.034315 seconds .

========================================================================
Received Import Request.
  Time since last request: 1.780187 seconds.
  path: Assets/Mobs/WumpusPFB.prefab
  artifactKey: Guid(afbec7e727562cb4185c83f652eb7a47) Importer(815301076,1909f56bfc062723c751e8b465ee728b)
Start importing Assets/Mobs/WumpusPFB.prefab using Guid(afbec7e727562cb4185c83f652eb7a47) Importer(815301076,1909f56bfc062723c751e8b465ee728b)  -> (artifact id: '37cda652fd9a611a8768cc1063c72b3a') in 0.028379 seconds 
  Import took 0.033924 seconds .

========================================================================
Received Import Request.
  Time since last request: 2.195850 seconds.
  path: Assets/Mobs/WumpusPFB.prefab
  artifactKey: Guid(afbec7e727562cb4185c83f652eb7a47) Importer(815301076,1909f56bfc062723c751e8b465ee728b)
Start importing Assets/Mobs/WumpusPFB.prefab using Guid(afbec7e727562cb4185c83f652eb7a47) Importer(815301076,1909f56bfc062723c751e8b465ee728b)  -> (artifact id: 'db08f43cfddd427eb373d5781ab10a46') in 0.027882 seconds 
  Import took 0.033196 seconds .

========================================================================
Received Prepare
Registering precompiled user dll's ...
Registered in 0.006106 seconds.
Begin MonoManager ReloadAssembly
Native extension for WindowsStandalone target not found
Refreshing native plugins compatible for Editor in 0.66 ms, found 3 plugins.
Preloading 0 native plugins for Editor in 0.00 ms.
Mono: successfully reloaded assembly
- Completed reload, in  1.201 seconds
Domain Reload Profiling:
	ReloadAssembly (1202ms)
		BeginReloadAssembly (141ms)
			ExecutionOrderSort (0ms)
			DisableScriptedObjects (7ms)
			BackupInstance (0ms)
			ReleaseScriptingObjects (0ms)
			CreateAndSetChildDomain (40ms)
		EndReloadAssembly (985ms)
			LoadAssemblies (126ms)
			RebuildTransferFunctionScriptingTraits (0ms)
			SetupTypeCache (350ms)
			ReleaseScriptCaches (1ms)
			RebuildScriptCaches (48ms)
			SetupLoadedEditorAssemblies (361ms)
				LogAssemblyErrors (0ms)
				InitializePlatformSupportModulesInManaged (5ms)
				SetLoadedEditorAssemblies (1ms)
				RefreshPlugins (1ms)
				BeforeProcessingInitializeOnLoad (111ms)
				ProcessInitializeOnLoadAttributes (230ms)
				ProcessInitializeOnLoadMethodAttributes (12ms)
				AfterProcessingInitializeOnLoad (3ms)
				EditorAssembliesLoaded (0ms)
			ExecutionOrderSort2 (0ms)
			AwakeInstancesAfterBackupRestoration (10ms)
Platform modules already initialized, skipping
Refreshing native plugins compatible for Editor in 0.53 ms, found 3 plugins.
Preloading 0 native plugins for Editor in 0.00 ms.
Unloading 2291 Unused Serialized files (Serialized files now loaded: 0)
System memory in use before: 105.8 MB.
System memory in use after: 106.0 MB.

Unloading 19 unused Assets to reduce memory usage. Loaded Objects now: 2789.
Total: 3.269700 ms (FindLiveObjects: 0.195000 ms CreateObjectMapping: 0.107200 ms MarkObjects: 2.923000 ms  DeleteObjects: 0.043300 ms)

AssetImportParameters requested are different than current active one (requested -> active):
  custom:framework-win-MediaFoundation: 216162199b28c13a410421893ffa2e32 -> 
  custom:video-decoder-ogg-theora: a1e56fd34408186e4bbccfd4996cb3dc -> 
  custom:container-muxer-webm: aa71ff27fc2769a1b78a27578f13a17b -> 
  custom:container-demuxer-webm: 4f35f7cbe854078d1ac9338744f61a02 -> 
  custom:container-demuxer-ogg: 62fdf1f143b41e24485cea50d1cbac27 -> 
  custom:video-encoder-webm-vp8: eb34c28f22e8b96e1ab97ce403110664 -> 
  custom:video-codec-MediaFoundation-h265: 746d11721c4dcdbdad8f713fa42b33f4 -> 
  custom:video-decoder-webm-vp8: 9c59270c3fd7afecdb556c50c9e8de78 -> 
  custom:audio-decoder-ogg-vorbis: bf7c407c2cedff20999df2af8eb42d56 -> 
  custom:audio-encoder-webm-vorbis: bf7c407c2cedff20999df2af8eb42d56 -> 
========================================================================
Received Import Request.
  Time since last request: 55.172798 seconds.
  path: Assets/Mobs/WumpusPFB.prefab
  artifactKey: Guid(afbec7e727562cb4185c83f652eb7a47) Importer(815301076,1909f56bfc062723c751e8b465ee728b)
Start importing Assets/Mobs/WumpusPFB.prefab using Guid(afbec7e727562cb4185c83f652eb7a47) Importer(815301076,1909f56bfc062723c751e8b465ee728b)  -> (artifact id: '51b8e082d375333f4806c1579147b9b1') in 0.137037 seconds 
  Import took 0.141891 seconds .

========================================================================
Received Import Request.
  Time since last request: 30.526187 seconds.
  path: Assets/Mobs/WumpusPFB.prefab
  artifactKey: Guid(afbec7e727562cb4185c83f652eb7a47) Importer(815301076,1909f56bfc062723c751e8b465ee728b)
Start importing Assets/Mobs/WumpusPFB.prefab using Guid(afbec7e727562cb4185c83f652eb7a47) Importer(815301076,1909f56bfc062723c751e8b465ee728b)  -> (artifact id: 'f083370b18b10f67b059e76108513cf1') in 0.031717 seconds 
  Import took 0.037023 seconds .

========================================================================
Received Import Request.
  Time since last request: 3.394680 seconds.
  path: Assets/Mobs/WumpusPFB.prefab
  artifactKey: Guid(afbec7e727562cb4185c83f652eb7a47) Importer(815301076,1909f56bfc062723c751e8b465ee728b)
Start importing Assets/Mobs/WumpusPFB.prefab using Guid(afbec7e727562cb4185c83f652eb7a47) Importer(815301076,1909f56bfc062723c751e8b465ee728b)  -> (artifact id: 'eefa4f8608f50da2fa3117b35fa23e72') in 0.028284 seconds 
  Import took 0.033370 seconds .

========================================================================
Received Import Request.
  Time since last request: 36.081969 seconds.
  path: Assets/Mobs/WumpusPFB.prefab
  artifactKey: Guid(afbec7e727562cb4185c83f652eb7a47) Importer(815301076,1909f56bfc062723c751e8b465ee728b)
Start importing Assets/Mobs/WumpusPFB.prefab using Guid(afbec7e727562cb4185c83f652eb7a47) Importer(815301076,1909f56bfc062723c751e8b465ee728b)  -> (artifact id: '1970b1625e069b64bef431b9c0df2de9') in 0.026982 seconds 
  Import took 0.032244 seconds .

========================================================================
Received Import Request.
  Time since last request: 7.426044 seconds.
  path: Assets/Mobs/WumpusPFB.prefab
  artifactKey: Guid(afbec7e727562cb4185c83f652eb7a47) Importer(815301076,1909f56bfc062723c751e8b465ee728b)
Start importing Assets/Mobs/WumpusPFB.prefab using Guid(afbec7e727562cb4185c83f652eb7a47) Importer(815301076,1909f56bfc062723c751e8b465ee728b)  -> (artifact id: 'fdb55888c18b96e3519551931462a13f') in 0.027816 seconds 
  Import took 0.034174 seconds .

========================================================================
Received Import Request.
  Time since last request: 122.323965 seconds.
  path: Assets/Mobs/WumpusPFB.prefab
  artifactKey: Guid(afbec7e727562cb4185c83f652eb7a47) Importer(815301076,1909f56bfc062723c751e8b465ee728b)
Start importing Assets/Mobs/WumpusPFB.prefab using Guid(afbec7e727562cb4185c83f652eb7a47) Importer(815301076,1909f56bfc062723c751e8b465ee728b)  -> (artifact id: '44e5dc4ee50a1ccf0de75a206ef9d341') in 0.028823 seconds 
  Import took 0.034020 seconds .

========================================================================
Received Import Request.
  Time since last request: 428.513196 seconds.
  path: Assets/Player/Code/Player.cs
  artifactKey: Guid(aa50bab19ee65b2458f1bca5525186b3) Importer(815301076,1909f56bfc062723c751e8b465ee728b)
Start importing Assets/Player/Code/Player.cs using Guid(aa50bab19ee65b2458f1bca5525186b3) Importer(815301076,1909f56bfc062723c751e8b465ee728b)  -> (artifact id: '39443fe073a55a93d1e0f277bfd1ff7d') in 0.014504 seconds 
  Import took 0.019339 seconds .

========================================================================
Received Prepare
Registering precompiled user dll's ...
Registered in 0.006290 seconds.
Begin MonoManager ReloadAssembly
Native extension for WindowsStandalone target not found
Refreshing native plugins compatible for Editor in 0.52 ms, found 3 plugins.
Preloading 0 native plugins for Editor in 0.00 ms.
Mono: successfully reloaded assembly
- Completed reload, in  1.168 seconds
Domain Reload Profiling:
	ReloadAssembly (1168ms)
		BeginReloadAssembly (148ms)
			ExecutionOrderSort (0ms)
			DisableScriptedObjects (6ms)
			BackupInstance (0ms)
			ReleaseScriptingObjects (0ms)
			CreateAndSetChildDomain (41ms)
		EndReloadAssembly (957ms)
			LoadAssemblies (124ms)
			RebuildTransferFunctionScriptingTraits (0ms)
			SetupTypeCache (346ms)
			ReleaseScriptCaches (2ms)
			RebuildScriptCaches (47ms)
			SetupLoadedEditorAssemblies (345ms)
				LogAssemblyErrors (0ms)
				InitializePlatformSupportModulesInManaged (5ms)
				SetLoadedEditorAssemblies (1ms)
				RefreshPlugins (1ms)
				BeforeProcessingInitializeOnLoad (110ms)
				ProcessInitializeOnLoadAttributes (216ms)
				ProcessInitializeOnLoadMethodAttributes (12ms)
				AfterProcessingInitializeOnLoad (3ms)
				EditorAssembliesLoaded (0ms)
			ExecutionOrderSort2 (0ms)
			AwakeInstancesAfterBackupRestoration (10ms)
Platform modules already initialized, skipping
Refreshing native plugins compatible for Editor in 0.62 ms, found 3 plugins.
Preloading 0 native plugins for Editor in 0.00 ms.
Unloading 2291 Unused Serialized files (Serialized files now loaded: 0)
System memory in use before: 105.8 MB.
System memory in use after: 106.1 MB.

Unloading 19 unused Assets to reduce memory usage. Loaded Objects now: 2792.
Total: 4.884900 ms (FindLiveObjects: 0.411800 ms CreateObjectMapping: 0.245900 ms MarkObjects: 4.159200 ms  DeleteObjects: 0.066900 ms)

AssetImportParameters requested are different than current active one (requested -> active):
  custom:framework-win-MediaFoundation: 216162199b28c13a410421893ffa2e32 -> 
  custom:video-decoder-ogg-theora: a1e56fd34408186e4bbccfd4996cb3dc -> 
  custom:container-muxer-webm: aa71ff27fc2769a1b78a27578f13a17b -> 
  custom:container-demuxer-webm: 4f35f7cbe854078d1ac9338744f61a02 -> 
  custom:container-demuxer-ogg: 62fdf1f143b41e24485cea50d1cbac27 -> 
  custom:video-encoder-webm-vp8: eb34c28f22e8b96e1ab97ce403110664 -> 
  custom:video-codec-MediaFoundation-h265: 746d11721c4dcdbdad8f713fa42b33f4 -> 
  custom:video-decoder-webm-vp8: 9c59270c3fd7afecdb556c50c9e8de78 -> 
  custom:audio-decoder-ogg-vorbis: bf7c407c2cedff20999df2af8eb42d56 -> 
  custom:audio-encoder-webm-vorbis: bf7c407c2cedff20999df2af8eb42d56 -> 
AssetImportWorkerClient::OnTransportError - code=2 error=End of file
