Using pre-set license
Built from '2020.3/staging' branch; Version is '2020.3.25f1 (9b9180224418) revision 10195328'; Using compiler version '192528614'; Build Type 'Release'
OS: 'Windows 10  (10.0.19041) 64bit Education' Language: 'en' Physical Memory: 16060 MB
BatchMode: 1, IsHumanControllingUs: 0, StartBugReporterOnCrash: 0, Is64bit: 1, IsPro: 0

COMMAND LINE ARGUMENTS:
C:\Program Files\Unity\Hub\Editor\2020.3.25f1\Editor\Unity.exe
-adb2
-batchMode
-noUpm
-name
AssetImportWorker2
-projectPath
C:/Users/cching/OneDrive - Eastside Preparatory School/Documents/Github/Hunt-The-Wumpus-2022
-logFile
Logs/AssetImportWorker2.log
-srvPort
52174
Successfully changed project path to: C:/Users/cching/OneDrive - Eastside Preparatory School/Documents/Github/Hunt-The-Wumpus-2022
C:/Users/cching/OneDrive - Eastside Preparatory School/Documents/Github/Hunt-The-Wumpus-2022
Using Asset Import Pipeline V2.
Refreshing native plugins compatible for Editor in 249.89 ms, found 3 plugins.
Preloading 0 native plugins for Editor in 0.00 ms.
Initialize engine version: 2020.3.25f1 (9b9180224418)
[Subsystems] Discovering subsystems at path C:/Program Files/Unity/Hub/Editor/2020.3.25f1/Editor/Data/Resources/UnitySubsystems
[Subsystems] Discovering subsystems at path C:/Users/cching/OneDrive - Eastside Preparatory School/Documents/Github/Hunt-The-Wumpus-2022/Assets
GfxDevice: creating device client; threaded=0
Direct3D:
    Version:  Direct3D 11.0 [level 11.1]
    Renderer: Intel(R) UHD Graphics (ID=0x9b41)
    Vendor:   
    VRAM:     8030 MB
    Driver:   27.20.100.8729
Initialize mono
Mono path[0] = 'C:/Program Files/Unity/Hub/Editor/2020.3.25f1/Editor/Data/Managed'
Mono path[1] = 'C:/Program Files/Unity/Hub/Editor/2020.3.25f1/Editor/Data/MonoBleedingEdge/lib/mono/unityjit'
Mono config path = 'C:/Program Files/Unity/Hub/Editor/2020.3.25f1/Editor/Data/MonoBleedingEdge/etc'
Using monoOptions --debugger-agent=transport=dt_socket,embedding=1,server=y,suspend=n,address=127.0.0.1:56716
Begin MonoManager ReloadAssembly
Registering precompiled unity dll's ...
Register platform support module: C:/Program Files/Unity/Hub/Editor/2020.3.25f1/Editor/Data/PlaybackEngines/WebGLSupport/UnityEditor.WebGL.Extensions.dll
Register platform support module: C:/Program Files/Unity/Hub/Editor/2020.3.25f1/Editor/Data/PlaybackEngines/WindowsStandaloneSupport/UnityEditor.WindowsStandalone.Extensions.dll
Registered in 0.015804 seconds.
Native extension for WindowsStandalone target not found
Native extension for WebGL target not found
Refreshing native plugins compatible for Editor in 152.34 ms, found 3 plugins.
Preloading 0 native plugins for Editor in 0.00 ms.
Mono: successfully reloaded assembly
- Completed reload, in  2.339 seconds
Domain Reload Profiling:
	ReloadAssembly (2340ms)
		BeginReloadAssembly (277ms)
			ExecutionOrderSort (0ms)
			DisableScriptedObjects (0ms)
			BackupInstance (0ms)
			ReleaseScriptingObjects (0ms)
			CreateAndSetChildDomain (2ms)
		EndReloadAssembly (1542ms)
			LoadAssemblies (274ms)
			RebuildTransferFunctionScriptingTraits (0ms)
			SetupTypeCache (515ms)
			ReleaseScriptCaches (0ms)
			RebuildScriptCaches (110ms)
			SetupLoadedEditorAssemblies (638ms)
				LogAssemblyErrors (0ms)
				InitializePlatformSupportModulesInManaged (23ms)
				SetLoadedEditorAssemblies (1ms)
				RefreshPlugins (153ms)
				BeforeProcessingInitializeOnLoad (33ms)
				ProcessInitializeOnLoadAttributes (324ms)
				ProcessInitializeOnLoadMethodAttributes (103ms)
				AfterProcessingInitializeOnLoad (0ms)
				EditorAssembliesLoaded (1ms)
			ExecutionOrderSort2 (0ms)
			AwakeInstancesAfterBackupRestoration (0ms)
Platform modules already initialized, skipping
Registering precompiled user dll's ...
Registered in 0.033176 seconds.
Begin MonoManager ReloadAssembly
Native extension for WindowsStandalone target not found
Native extension for WebGL target not found
Refreshing native plugins compatible for Editor in 215.46 ms, found 3 plugins.
Preloading 0 native plugins for Editor in 0.00 ms.
Mono: successfully reloaded assembly
- Completed reload, in 14.161 seconds
Domain Reload Profiling:
	ReloadAssembly (14184ms)
		BeginReloadAssembly (676ms)
			ExecutionOrderSort (0ms)
			DisableScriptedObjects (44ms)
			BackupInstance (0ms)
			ReleaseScriptingObjects (0ms)
			CreateAndSetChildDomain (39ms)
		EndReloadAssembly (13245ms)
			LoadAssemblies (6827ms)
			RebuildTransferFunctionScriptingTraits (0ms)
			SetupTypeCache (2436ms)
			ReleaseScriptCaches (2ms)
			RebuildScriptCaches (282ms)
			SetupLoadedEditorAssemblies (3550ms)
				LogAssemblyErrors (0ms)
				InitializePlatformSupportModulesInManaged (23ms)
				SetLoadedEditorAssemblies (1ms)
				RefreshPlugins (216ms)
				BeforeProcessingInitializeOnLoad (307ms)
				ProcessInitializeOnLoadAttributes (1215ms)
				ProcessInitializeOnLoadMethodAttributes (1740ms)
				AfterProcessingInitializeOnLoad (47ms)
				EditorAssembliesLoaded (1ms)
			ExecutionOrderSort2 (0ms)
			AwakeInstancesAfterBackupRestoration (36ms)
Platform modules already initialized, skipping
========================================================================
Worker process is ready to serve import requests
Launched and connected shader compiler UnityShaderCompiler.exe after 0.44 seconds
Refreshing native plugins compatible for Editor in 1.49 ms, found 3 plugins.
Preloading 0 native plugins for Editor in 0.00 ms.
Unloading 2198 Unused Serialized files (Serialized files now loaded: 0)
System memory in use before: 96.8 MB.
System memory in use after: 96.9 MB.

Unloading 28 unused Assets to reduce memory usage. Loaded Objects now: 2633.
Total: 9.144500 ms (FindLiveObjects: 0.394500 ms CreateObjectMapping: 0.331000 ms MarkObjects: 8.246800 ms  DeleteObjects: 0.169400 ms)

AssetImportParameters requested are different than current active one (requested -> active):
  custom:framework-win-MediaFoundation: 216162199b28c13a410421893ffa2e32 -> 
  custom:video-decoder-ogg-theora: a1e56fd34408186e4bbccfd4996cb3dc -> 
  custom:container-muxer-webm: aa71ff27fc2769a1b78a27578f13a17b -> 
  custom:container-demuxer-webm: 4f35f7cbe854078d1ac9338744f61a02 -> 
  custom:container-demuxer-ogg: 62fdf1f143b41e24485cea50d1cbac27 -> 
  custom:video-encoder-webm-vp8: eb34c28f22e8b96e1ab97ce403110664 -> 
  custom:video-decoder-webm-vp8: 9c59270c3fd7afecdb556c50c9e8de78 -> 
  custom:audio-decoder-ogg-vorbis: bf7c407c2cedff20999df2af8eb42d56 -> 
  custom:audio-encoder-webm-vorbis: bf7c407c2cedff20999df2af8eb42d56 -> 
========================================================================
Received Import Request.
  path: Assets/Minecraftia-Regular.ttf
  artifactKey: Guid(d71720d2218814c4cb093bb22f405140) Importer(815301076,1909f56bfc062723c751e8b465ee728b)
Start importing Assets/Minecraftia-Regular.ttf using Guid(d71720d2218814c4cb093bb22f405140) Importer(815301076,1909f56bfc062723c751e8b465ee728b)  -> (artifact id: 'cb37266dc8490cc870a310c4b4f1e724') in 0.384106 seconds 
  Import took 0.397033 seconds .

========================================================================
Received Import Request.
  Time since last request: 0.000794 seconds.
  path: Assets/Scenes
  artifactKey: Guid(3d197ae0ad79202468241ab61bfa0a9a) Importer(815301076,1909f56bfc062723c751e8b465ee728b)
Start importing Assets/Scenes using Guid(3d197ae0ad79202468241ab61bfa0a9a) Importer(815301076,1909f56bfc062723c751e8b465ee728b)  -> (artifact id: 'c844229fbb789727f5f5d8ed1bee2df6') in 0.045893 seconds 
  Import took 0.062608 seconds .

========================================================================
Received Import Request.
  Time since last request: 1890.877161 seconds.
  path: Assets
  artifactKey: Guid(00000000000000001000000000000000) Importer(815301076,1909f56bfc062723c751e8b465ee728b)
Start importing Assets using Guid(00000000000000001000000000000000) Importer(815301076,1909f56bfc062723c751e8b465ee728b)  -> (artifact id: '42d402b061de3733987d63b9cc3b64de') in 0.017506 seconds 
  Import took 0.033446 seconds .

========================================================================
Received Import Request.
  Time since last request: 11.455539 seconds.
  path: Assets/Start Screen
  artifactKey: Guid(5948371d49ad6a245be547e1c141d6be) Importer(815301076,1909f56bfc062723c751e8b465ee728b)
Start importing Assets/Start Screen using Guid(5948371d49ad6a245be547e1c141d6be) Importer(815301076,1909f56bfc062723c751e8b465ee728b)  -> (artifact id: '3d85c2564363d71ad95273134eb74eb6') in 0.019913 seconds 
  Import took 0.028074 seconds .

========================================================================
Received Import Request.
  Time since last request: 14.743381 seconds.
  path: Assets/Start Screen/prelim start screen.png
  artifactKey: Guid(81df43ea3f9548848a266222fc600629) Importer(815301076,1909f56bfc062723c751e8b465ee728b)
Start importing Assets/Start Screen/prelim start screen.png using Guid(81df43ea3f9548848a266222fc600629) Importer(815301076,1909f56bfc062723c751e8b465ee728b)  -> (artifact id: '92ebffdd3a4c88f2787ed83c20e9e1fa') in 0.082361 seconds 
  Import took 0.088974 seconds .

========================================================================
Received Import Request.
  Time since last request: 1.699977 seconds.
  path: Assets/Start Screen/press start.png
  artifactKey: Guid(88d2499de29197546871f78b955899ad) Importer(815301076,1909f56bfc062723c751e8b465ee728b)
Start importing Assets/Start Screen/press start.png using Guid(88d2499de29197546871f78b955899ad) Importer(815301076,1909f56bfc062723c751e8b465ee728b)  -> (artifact id: 'a7798956368a8bd9fbb63a8515cb6830') in 0.040083 seconds 
  Import took 0.046555 seconds .

========================================================================
Received Import Request.
  Time since last request: 222.376040 seconds.
  path: Assets/Backgrouds/prelim bg.png
  artifactKey: Guid(2088a401cc7f44c42a003b9a7dbafc24) Importer(815301076,1909f56bfc062723c751e8b465ee728b)
Start importing Assets/Backgrouds/prelim bg.png using Guid(2088a401cc7f44c42a003b9a7dbafc24) Importer(815301076,1909f56bfc062723c751e8b465ee728b)  -> (artifact id: 'd1d57ea22674f6f96083810b9af86d63') in 0.042531 seconds 
  Import took 0.050694 seconds .

